# JRE version: OpenJDK Runtime Environment (11.0.11+9) (build 11.0.11+9-b60-7590822)
# Java VM: OpenJDK 64-Bit Server VM (11.0.11+9-b60-7590822, mixed mode, tiered, compressed oops, g1 gc, windows-amd64)
Heap:
 garbage-first heap   total 262144K, used 82626K [0x0000000080000000, 0x0000000100000000)
  region size 1024K, 33 young (33792K), 9 survivors (9216K)
 Metaspace       used 68385K, capacity 69916K, committed 70224K, reserved 1110016K
  class space    used 8641K, capacity 9233K, committed 9344K, reserved 1048576K
GC Heap History (20 events):
Event: 2.491 GC heap before
{Heap before GC invocations=1 (full 0):
 garbage-first heap   total 262144K, used 18125K [0x0000000080000000, 0x0000000100000000)
  region size 1024K, 12 young (12288K), 2 survivors (2048K)
 Metaspace       used 10260K, capacity 10557K, committed 10624K, reserved 1058816K
  class space    used 1069K, capacity 1139K, committed 1152K, reserved 1048576K
}
Event: 2.493 GC heap after
{Heap after GC invocations=2 (full 0):
 garbage-first heap   total 262144K, used 9507K [0x0000000080000000, 0x0000000100000000)
  region size 1024K, 2 young (2048K), 2 survivors (2048K)
 Metaspace       used 10260K, capacity 10557K, committed 10624K, reserved 1058816K
  class space    used 1069K, capacity 1139K, committed 1152K, reserved 1048576K
}
Event: 3.234 GC heap before
{Heap before GC invocations=2 (full 0):
 garbage-first heap   total 262144K, used 34083K [0x0000000080000000, 0x0000000100000000)
  region size 1024K, 26 young (26624K), 2 survivors (2048K)
 Metaspace       used 11239K, capacity 11512K, committed 11776K, reserved 1060864K
  class space    used 1173K, capacity 1244K, committed 1280K, reserved 1048576K
}
Event: 3.235 GC heap after
{Heap after GC invocations=3 (full 0):
 garbage-first heap   total 262144K, used 9807K [0x0000000080000000, 0x0000000100000000)
  region size 1024K, 2 young (2048K), 2 survivors (2048K)
 Metaspace       used 11239K, capacity 11512K, committed 11776K, reserved 1060864K
  class space    used 1173K, capacity 1244K, committed 1280K, reserved 1048576K
}
Event: 4.081 GC heap before
{Heap before GC invocations=3 (full 0):
 garbage-first heap   total 262144K, used 48719K [0x0000000080000000, 0x0000000100000000)
  region size 1024K, 40 young (40960K), 2 survivors (2048K)
 Metaspace       used 16555K, capacity 16946K, committed 17152K, reserved 1064960K
  class space    used 1905K, capacity 2036K, committed 2048K, reserved 1048576K
}
Event: 4.085 GC heap after
{Heap after GC invocations=4 (full 0):
 garbage-first heap   total 262144K, used 15441K [0x0000000080000000, 0x0000000100000000)
  region size 1024K, 5 young (5120K), 5 survivors (5120K)
 Metaspace       used 16555K, capacity 16946K, committed 17152K, reserved 1064960K
  class space    used 1905K, capacity 2036K, committed 2048K, reserved 1048576K
}
Event: 4.421 GC heap before
{Heap before GC invocations=4 (full 0):
 garbage-first heap   total 262144K, used 49233K [0x0000000080000000, 0x0000000100000000)
  region size 1024K, 39 young (39936K), 5 survivors (5120K)
 Metaspace       used 20634K, capacity 21108K, committed 21296K, reserved 1069056K
  class space    used 2531K, capacity 2660K, committed 2688K, reserved 1048576K
}
Event: 4.426 GC heap after
{Heap after GC invocations=5 (full 0):
 garbage-first heap   total 262144K, used 17469K [0x0000000080000000, 0x0000000100000000)
  region size 1024K, 2 young (2048K), 2 survivors (2048K)
 Metaspace       used 20634K, capacity 21108K, committed 21296K, reserved 1069056K
  class space    used 2531K, capacity 2660K, committed 2688K, reserved 1048576K
}
Event: 4.920 GC heap before
{Heap before GC invocations=6 (full 0):
 garbage-first heap   total 262144K, used 74813K [0x0000000080000000, 0x0000000100000000)
  region size 1024K, 58 young (59392K), 2 survivors (2048K)
 Metaspace       used 26340K, capacity 26966K, committed 27008K, reserved 1073152K
  class space    used 3455K, capacity 3683K, committed 3712K, reserved 1048576K
}
Event: 4.923 GC heap after
{Heap after GC invocations=7 (full 0):
 garbage-first heap   total 262144K, used 19477K [0x0000000080000000, 0x0000000100000000)
  region size 1024K, 4 young (4096K), 4 survivors (4096K)
 Metaspace       used 26340K, capacity 26966K, committed 27008K, reserved 1073152K
  class space    used 3455K, capacity 3683K, committed 3712K, reserved 1048576K
}
Event: 5.687 GC heap before
{Heap before GC invocations=7 (full 0):
 garbage-first heap   total 262144K, used 73749K [0x0000000080000000, 0x0000000100000000)
  region size 1024K, 58 young (59392K), 4 survivors (4096K)
 Metaspace       used 35043K, capacity 35850K, committed 36048K, reserved 1081344K
  class space    used 4552K, capacity 4863K, committed 4864K, reserved 1048576K
}
Event: 5.693 GC heap after
{Heap after GC invocations=8 (full 0):
 garbage-first heap   total 262144K, used 23050K [0x0000000080000000, 0x0000000100000000)
  region size 1024K, 7 young (7168K), 7 survivors (7168K)
 Metaspace       used 35043K, capacity 35850K, committed 36048K, reserved 1081344K
  class space    used 4552K, capacity 4863K, committed 4864K, reserved 1048576K
}
Event: 7.071 GC heap before
{Heap before GC invocations=9 (full 0):
 garbage-first heap   total 262144K, used 146954K [0x0000000080000000, 0x0000000100000000)
  region size 1024K, 125 young (128000K), 7 survivors (7168K)
 Metaspace       used 44966K, capacity 45898K, committed 46032K, reserved 1089536K
  class space    used 5765K, capacity 6130K, committed 6144K, reserved 1048576K
}
Event: 7.084 GC heap after
{Heap after GC invocations=10 (full 0):
 garbage-first heap   total 262144K, used 29677K [0x0000000080000000, 0x0000000100000000)
  region size 1024K, 14 young (14336K), 14 survivors (14336K)
 Metaspace       used 44966K, capacity 45898K, committed 46032K, reserved 1089536K
  class space    used 5765K, capacity 6130K, committed 6144K, reserved 1048576K
}
Event: 8.957 GC heap before
{Heap before GC invocations=10 (full 0):
 garbage-first heap   total 262144K, used 172013K [0x0000000080000000, 0x0000000100000000)
  region size 1024K, 145 young (148480K), 14 survivors (14336K)
 Metaspace       used 56308K, capacity 57562K, committed 57808K, reserved 1099776K
  class space    used 7111K, capacity 7587K, committed 7680K, reserved 1048576K
}
Event: 8.974 GC heap after
{Heap after GC invocations=11 (full 0):
 garbage-first heap   total 262144K, used 50190K [0x0000000080000000, 0x0000000100000000)
  region size 1024K, 18 young (18432K), 18 survivors (18432K)
 Metaspace       used 56308K, capacity 57562K, committed 57808K, reserved 1099776K
  class space    used 7111K, capacity 7587K, committed 7680K, reserved 1048576K
}
Event: 9.453 GC heap before
{Heap before GC invocations=11 (full 0):
 garbage-first heap   total 262144K, used 67598K [0x0000000080000000, 0x0000000100000000)
  region size 1024K, 36 young (36864K), 18 survivors (18432K)
 Metaspace       used 58740K, capacity 60149K, committed 60240K, reserved 1101824K
  class space    used 7451K, capacity 7978K, committed 8064K, reserved 1048576K
}
Event: 9.483 GC heap after
{Heap after GC invocations=12 (full 0):
 garbage-first heap   total 262144K, used 51906K [0x0000000080000000, 0x0000000100000000)
  region size 1024K, 2 young (2048K), 2 survivors (2048K)
 Metaspace       used 58740K, capacity 60149K, committed 60240K, reserved 1101824K
  class space    used 7451K, capacity 7978K, committed 8064K, reserved 1048576K
}
Event: 11.368 GC heap before
{Heap before GC invocations=13 (full 0):
 garbage-first heap   total 262144K, used 164546K [0x0000000080000000, 0x0000000100000000)
  region size 1024K, 112 young (114688K), 2 survivors (2048K)
 Metaspace       used 67035K, capacity 68598K, committed 68688K, reserved 1110016K
  class space    used 8485K, capacity 9071K, committed 9088K, reserved 1048576K
}
Event: 11.377 GC heap after
{Heap after GC invocations=14 (full 0):
 garbage-first heap   total 262144K, used 59074K [0x0000000080000000, 0x0000000100000000)
  region size 1024K, 9 young (9216K), 9 survivors (9216K)
 Metaspace       used 67035K, capacity 68598K, committed 68688K, reserved 1110016K
  class space    used 8485K, capacity 9071K, committed 9088K, reserved 1048576K
}

